<?xml version="1.0" encoding="UTF-8"?>
<!-- Generated by org.testng.reporters.JUnitReportReporter -->
<testsuite hostname="DESKTOP-CTNIRRU" failures="0" tests="3" name="testNgLearn.DashBoard" time="15.348" errors="0" timestamp="2024-08-08T08:09:59 IST" skipped="0">
  <testcase classname="testNgLearn.DashBoard" name="validateTitle" time="6.678"/>
  <testcase classname="testNgLearn.DashBoard" name="validateSections" time="5.019"/>
  <testcase classname="testNgLearn.DashBoard" name="validateDashboardPageContent" time="3.651"/>
</testsuite> <!-- testNgLearn.DashBoard -->
