<?xml version="1.0" encoding="UTF-8"?>
<!-- Generated by org.testng.reporters.JUnitReportReporter -->
<testsuite hostname="DESKTOP-CTNIRRU" failures="0" tests="13" name="testNgLearn.BaseClass" time="0.020" errors="0" timestamp="2024-08-08T08:09:59 IST" skipped="1">
  <testcase classname="testNgLearn.BaseClass" name="performTest" time="0.001"/>
  <testcase classname="testNgLearn.BaseClass" name="performTest" time="0.002"/>
  <testcase classname="testNgLearn.BaseClass" name="performTest" time="0.001"/>
  <testcase classname="testNgLearn.BaseClass" name="performTest" time="0.003"/>
  <testcase classname="testNgLearn.BaseClass" name="performTest1" time="0.002"/>
  <testcase classname="testNgLearn.BaseClass" name="performTest" time="0.001"/>
  <testcase classname="testNgLearn.BaseClass" name="performTest" time="0.002"/>
  <testcase classname="testNgLearn.BaseClass" name="performTest2" time="0.003"/>
  <testcase classname="testNgLearn.BaseClass" name="performTest" time="0.001"/>
  <testcase classname="testNgLearn.BaseClass" name="performTest" time="0.001"/>
  <testcase classname="testNgLearn.BaseClass" name="performTest" time="0.001"/>
  <testcase classname="testNgLearn.BaseClass" name="performTest" time="0.002"/>
  <testcase classname="testNgLearn.BaseClass" name="performTest3">
    <skipped/>
  </testcase> <!-- performTest3 -->
</testsuite> <!-- testNgLearn.BaseClass -->
