<?xml version="1.0" encoding="UTF-8"?>
<!-- Generated by org.testng.reporters.JUnitReportReporter -->
<testsuite hostname="DESKTOP-CTNIRRU" failures="0" tests="2" name="testNgLearn.NewBase" time="0.012" errors="0" timestamp="2024-08-03T07:28:23 IST" skipped="0">
  <testcase classname="testNgLearn.NewBase" name="actualTest" time="0.009"/>
  <testcase classname="testNgLearn.NewBase" name="actualTest1" time="0.003"/>
</testsuite> <!-- testNgLearn.NewBase -->
